TN:
SF:src\api\client.js
FN:8,(anonymous_0)
FN:16,(anonymous_1)
FN:17,(anonymous_2)
FNF:3
FNH:2
FNDA:1,(anonymous_0)
FNDA:0,(anonymous_1)
FNDA:1,(anonymous_2)
DA:3,3
DA:8,3
DA:9,1
DA:10,1
DA:11,1
DA:15,3
DA:16,0
DA:18,1
DA:19,0
DA:20,0
DA:21,0
DA:22,0
DA:25,1
LF:13
LH:8
BRDA:10,0,0,0
BRDA:10,0,1,1
BRDA:18,1,0,0
BRDA:18,1,1,1
BRDA:21,2,0,0
BRDA:21,2,1,0
BRF:6
BRH:2
end_of_record
TN:
SF:src\auth\AuthContext.jsx
FN:6,safeParseUser
FN:18,AuthProvider
FN:19,(anonymous_2)
FN:21,(anonymous_3)
FN:38,(anonymous_4)
FN:56,(anonymous_5)
FN:66,(anonymous_6)
FN:73,useAuth
FNF:8
FNH:8
FNDA:9,safeParseUser
FNDA:12,AuthProvider
FNDA:9,(anonymous_2)
FNDA:1,(anonymous_3)
FNDA:1,(anonymous_4)
FNDA:1,(anonymous_5)
FNDA:12,(anonymous_6)
FNDA:27,useAuth
DA:4,4
DA:7,9
DA:8,9
DA:10,6
DA:11,6
DA:13,0
DA:14,0
DA:19,12
DA:21,12
DA:22,1
DA:24,1
DA:25,1
DA:27,1
DA:28,0
DA:31,1
DA:32,1
DA:33,1
DA:35,1
DA:38,12
DA:39,1
DA:42,1
DA:43,1
DA:45,1
DA:46,0
DA:49,1
DA:50,1
DA:51,1
DA:53,1
DA:56,12
DA:57,1
DA:58,1
DA:59,1
DA:62,1
DA:65,12
DA:66,12
DA:70,12
DA:74,27
LF:37
LH:33
BRDA:8,0,0,3
BRDA:8,0,1,6
BRDA:8,1,0,9
BRDA:8,1,1,7
BRDA:8,1,2,6
BRDA:27,2,0,0
BRDA:27,2,1,1
BRDA:27,3,0,1
BRDA:27,3,1,1
BRDA:45,4,0,0
BRDA:45,4,1,1
BRDA:45,5,0,1
BRDA:45,5,1,1
BRF:13
BRH:11
end_of_record
TN:
SF:src\components\Card.jsx
FN:3,Card
FNF:1
FNH:1
FNDA:23,Card
DA:4,23
LF:1
LH:1
BRDA:3,0,0,23
BRDA:11,1,0,23
BRDA:11,1,1,9
BRDA:11,2,0,9
BRDA:11,2,1,0
BRDA:12,3,0,23
BRDA:12,3,1,9
BRF:7
BRH:6
end_of_record
TN:
SF:src\components\ModalPortal.jsx
FN:3,ModalPortal
FNF:1
FNH:1
FNDA:11,ModalPortal
DA:4,11
LF:1
LH:1
BRF:0
BRH:0
end_of_record
TN:
SF:src\components\SnapshotTable.jsx
FN:6,fmtDate
FN:14,SnapshotTable
FN:19,(anonymous_2)
FN:21,(anonymous_3)
FN:26,(anonymous_4)
FN:65,(anonymous_5)
FN:78,(anonymous_6)
FN:84,(anonymous_7)
FN:98,(anonymous_8)
FN:105,(anonymous_9)
FNF:10
FNH:9
FNDA:5,fmtDate
FNDA:9,SnapshotTable
FNDA:6,(anonymous_2)
FNDA:1,(anonymous_3)
FNDA:1,(anonymous_4)
FNDA:5,(anonymous_5)
FNDA:1,(anonymous_6)
FNDA:1,(anonymous_7)
FNDA:1,(anonymous_8)
FNDA:0,(anonymous_9)
DA:7,5
DA:8,5
DA:10,0
DA:15,9
DA:16,9
DA:17,9
DA:19,9
DA:21,9
DA:22,1
DA:23,1
DA:26,9
DA:27,1
DA:28,1
DA:31,9
DA:66,5
DA:78,1
DA:84,1
DA:98,1
DA:105,0
LF:19
LH:17
BRDA:14,0,0,9
BRDA:14,1,0,9
BRDA:19,2,0,6
BRDA:19,2,1,0
BRDA:39,3,0,3
BRDA:39,3,1,6
BRDA:57,4,0,1
BRDA:57,4,1,8
BRDA:57,5,0,9
BRDA:57,5,1,6
BRDA:68,6,0,5
BRDA:68,6,1,0
BRDA:69,7,0,5
BRDA:69,7,1,0
BRDA:70,8,0,5
BRDA:70,8,1,0
BRDA:72,9,0,5
BRDA:72,9,1,0
BRF:18
BRH:13
end_of_record
TN:
SF:src\components\charts\ChaosGauge.jsx
FN:3,ChaosGauge
FNF:1
FNH:1
FNDA:1,ChaosGauge
DA:4,1
DA:6,1
LF:2
LH:2
BRDA:3,0,0,1
BRF:1
BRH:1
end_of_record
TN:
SF:src\components\modals\AddSnapshotModal.jsx
FN:16,toNonNegativeInt
FN:22,AddSnapshotModal
FN:38,(anonymous_2)
FN:39,(anonymous_3)
FN:42,(anonymous_4)
FN:43,(anonymous_5)
FN:46,(anonymous_6)
FN:59,(anonymous_7)
FN:115,(anonymous_8)
FN:115,(anonymous_9)
FN:122,(anonymous_10)
FN:130,(anonymous_11)
FN:143,(anonymous_12)
FN:143,(anonymous_13)
FNF:14
FNH:7
FNDA:8,toNonNegativeInt
FNDA:6,AddSnapshotModal
FNDA:4,(anonymous_2)
FNDA:32,(anonymous_3)
FNDA:0,(anonymous_4)
FNDA:0,(anonymous_5)
FNDA:1,(anonymous_6)
FNDA:8,(anonymous_7)
FNDA:0,(anonymous_8)
FNDA:0,(anonymous_9)
FNDA:32,(anonymous_10)
FNDA:0,(anonymous_11)
FNDA:0,(anonymous_12)
FNDA:0,(anonymous_13)
DA:5,2
DA:17,8
DA:18,8
DA:19,8
DA:23,6
DA:25,6
DA:38,6
DA:39,32
DA:42,6
DA:43,0
DA:46,6
DA:47,1
DA:48,1
DA:49,0
DA:50,0
DA:53,1
DA:54,1
DA:56,1
DA:60,8
DA:61,8
DA:66,1
DA:68,0
DA:69,0
DA:70,1
DA:72,1
DA:74,1
DA:78,6
DA:80,4
DA:115,0
DA:123,32
DA:130,0
DA:143,0
LF:32
LH:24
BRDA:18,0,0,0
BRDA:18,0,1,8
BRDA:39,1,0,32
BRDA:39,1,1,32
BRDA:48,2,0,0
BRDA:48,2,1,1
BRDA:58,3,0,0
BRDA:58,3,1,1
BRDA:63,4,0,1
BRDA:63,4,1,1
BRDA:72,5,0,1
BRDA:72,5,1,1
BRDA:78,6,0,2
BRDA:78,6,1,4
BRDA:162,7,0,4
BRDA:162,7,1,3
BRDA:164,8,0,1
BRDA:164,8,1,3
BRF:18
BRH:15
end_of_record
TN:
SF:src\components\modals\ConfirmDeleteModal.jsx
FN:6,ConfirmDeleteModal
FN:9,(anonymous_1)
FN:28,(anonymous_2)
FN:53,(anonymous_3)
FNF:4
FNH:2
FNDA:13,ConfirmDeleteModal
FNDA:1,(anonymous_1)
FNDA:0,(anonymous_2)
FNDA:0,(anonymous_3)
DA:7,13
DA:9,13
DA:10,1
DA:11,1
DA:13,1
DA:15,1
DA:16,1
DA:17,1
DA:18,1
DA:19,1
DA:20,1
DA:22,0
DA:24,1
DA:28,13
DA:29,0
DA:30,0
DA:31,0
DA:32,0
DA:35,13
DA:37,5
DA:53,0
LF:21
LH:15
BRDA:13,0,0,0
BRDA:13,0,1,1
BRDA:13,1,0,1
BRDA:13,1,1,1
BRDA:22,2,0,0
BRDA:22,2,1,0
BRDA:31,3,0,0
BRDA:31,3,1,0
BRDA:35,4,0,8
BRDA:35,4,1,5
BRDA:77,5,0,1
BRDA:77,5,1,4
BRF:12
BRH:7
end_of_record
TN:
SF:src\components\modals\EditSnapshotModal.jsx
FN:17,(anonymous_0)
FN:19,(anonymous_1)
FN:22,(anonymous_2)
FN:28,EditSnapshotModal
FN:32,(anonymous_4)
FN:38,(anonymous_5)
FN:46,(anonymous_6)
FN:46,(anonymous_7)
FN:50,(anonymous_8)
FN:60,(anonymous_9)
FN:115,(anonymous_10)
FN:115,(anonymous_11)
FN:121,(anonymous_12)
FN:128,(anonymous_13)
FN:129,(anonymous_14)
FN:142,(anonymous_15)
FN:142,(anonymous_16)
FNF:17
FNH:8
FNDA:0,(anonymous_0)
FNDA:3,(anonymous_1)
FNDA:12,(anonymous_2)
FNDA:15,EditSnapshotModal
FNDA:9,(anonymous_4)
FNDA:24,(anonymous_5)
FNDA:10,(anonymous_6)
FNDA:31,(anonymous_7)
FNDA:0,(anonymous_8)
FNDA:0,(anonymous_9)
FNDA:0,(anonymous_10)
FNDA:0,(anonymous_11)
FNDA:48,(anonymous_12)
FNDA:0,(anonymous_13)
FNDA:0,(anonymous_14)
FNDA:0,(anonymous_15)
FNDA:0,(anonymous_16)
DA:6,3
DA:17,3
DA:19,3
DA:20,3
DA:21,3
DA:22,12
DA:23,3
DA:29,15
DA:30,15
DA:32,15
DA:33,9
DA:35,3
DA:39,24
DA:40,24
DA:45,15
DA:46,31
DA:50,15
DA:51,0
DA:52,0
DA:54,0
DA:55,0
DA:57,0
DA:61,0
DA:62,0
DA:66,0
DA:68,0
DA:69,0
DA:70,0
DA:72,0
DA:74,0
DA:78,15
DA:80,6
DA:115,0
DA:122,48
DA:129,0
DA:142,0
LF:36
LH:20
BRDA:17,0,0,0
BRDA:17,0,1,0
BRDA:20,1,0,0
BRDA:20,1,1,3
BRDA:33,2,0,6
BRDA:33,2,1,3
BRDA:33,3,0,9
BRDA:33,3,1,3
BRDA:37,4,0,3
BRDA:37,4,1,1
BRDA:39,5,0,24
BRDA:39,5,1,20
BRDA:52,6,0,0
BRDA:52,6,1,0
BRDA:58,7,0,0
BRDA:58,7,1,0
BRDA:59,8,0,0
BRDA:59,8,1,0
BRDA:72,9,0,0
BRDA:72,9,1,0
BRDA:78,10,0,9
BRDA:78,10,1,6
BRDA:114,11,0,6
BRDA:114,11,1,3
BRDA:127,12,0,48
BRDA:127,12,1,24
BRDA:141,13,0,15
BRDA:141,13,1,4
BRDA:157,14,0,15
BRDA:157,14,1,3
BRDA:160,15,0,0
BRDA:160,15,1,6
BRF:32
BRH:20
end_of_record
TN:
SF:src\components\skeletons\DashboardSkeleton.jsx
FN:1,DashboardSkeleton
FN:7,(anonymous_1)
FN:21,(anonymous_2)
FNF:3
FNH:3
FNDA:2,DashboardSkeleton
FNDA:6,(anonymous_1)
FNDA:6,(anonymous_2)
DA:2,2
DA:8,6
DA:22,6
LF:3
LH:3
BRF:0
BRH:0
end_of_record
TN:
SF:src\pages\Dashboard.jsx
FN:30,(anonymous_0)
FN:38,niceDayLabel
FN:45,normalizeBreakdown
FN:58,(anonymous_3)
FN:59,(anonymous_4)
FN:73,Dashboard
FN:83,(anonymous_6)
FN:105,(anonymous_7)
FN:116,(anonymous_8)
FN:117,(anonymous_9)
FN:123,(anonymous_10)
FN:127,(anonymous_11)
FN:129,(anonymous_12)
FN:132,(anonymous_13)
FN:137,(anonymous_14)
FN:163,(anonymous_15)
FN:274,(anonymous_16)
FN:361,(anonymous_17)
FN:366,EmptyState
FNF:19
FNH:15
FNDA:2,(anonymous_0)
FNDA:4,niceDayLabel
FNDA:2,normalizeBreakdown
FNDA:16,(anonymous_3)
FNDA:16,(anonymous_4)
FNDA:3,Dashboard
FNDA:1,(anonymous_6)
FNDA:1,(anonymous_7)
FNDA:3,(anonymous_8)
FNDA:2,(anonymous_9)
FNDA:3,(anonymous_10)
FNDA:1,(anonymous_11)
FNDA:2,(anonymous_12)
FNDA:2,(anonymous_13)
FNDA:2,(anonymous_14)
FNDA:0,(anonymous_15)
FNDA:0,(anonymous_16)
FNDA:0,(anonymous_17)
FNDA:0,EmptyState
DA:30,1
DA:31,2
DA:32,2
DA:33,2
DA:34,2
DA:39,4
DA:40,4
DA:41,0
DA:47,2
DA:58,16
DA:59,16
DA:61,2
DA:74,3
DA:76,3
DA:77,3
DA:78,3
DA:79,3
DA:80,3
DA:81,3
DA:83,3
DA:84,1
DA:85,1
DA:86,1
DA:88,1
DA:94,1
DA:95,1
DA:96,1
DA:98,0
DA:100,1
DA:105,3
DA:106,1
DA:107,1
DA:108,1
DA:109,1
DA:110,1
DA:112,1
DA:116,3
DA:117,3
DA:123,3
DA:125,3
DA:127,1
DA:129,2
DA:132,3
DA:133,2
DA:134,2
DA:137,3
DA:139,3
DA:141,1
DA:142,0
DA:151,1
DA:163,0
DA:276,0
DA:277,0
DA:361,0
DA:367,0
LF:55
LH:47
BRDA:31,0,0,2
BRDA:31,0,1,1
BRDA:32,1,0,0
BRDA:32,1,1,2
BRDA:33,2,0,0
BRDA:33,2,1,2
BRDA:40,3,0,4
BRDA:40,3,1,0
BRDA:59,4,0,16
BRDA:59,4,1,14
BRDA:62,5,0,2
BRDA:62,5,1,1
BRDA:63,6,0,2
BRDA:63,6,1,2
BRDA:64,7,0,2
BRDA:64,7,1,2
BRDA:65,8,0,2
BRDA:65,8,1,2
BRDA:66,9,0,2
BRDA:66,9,1,2
BRDA:67,10,0,2
BRDA:67,10,1,2
BRDA:68,11,0,2
BRDA:68,11,1,1
BRDA:69,12,0,2
BRDA:69,12,1,2
BRDA:95,13,0,1
BRDA:95,13,1,0
BRDA:98,14,0,0
BRDA:98,14,1,0
BRDA:112,15,0,1
BRDA:112,15,1,0
BRDA:117,16,0,3
BRDA:117,16,1,0
BRDA:119,17,0,2
BRDA:119,17,1,0
BRDA:125,18,0,3
BRDA:125,18,1,0
BRDA:127,19,0,1
BRDA:127,19,1,0
BRDA:127,20,0,1
BRDA:127,20,1,0
BRDA:129,21,0,2
BRDA:129,21,1,0
BRDA:133,22,0,2
BRDA:133,22,1,1
BRDA:139,23,0,2
BRDA:139,23,1,1
BRDA:141,24,0,0
BRDA:141,24,1,1
BRDA:170,25,0,1
BRDA:170,25,1,0
BRDA:176,26,0,3
BRDA:176,26,1,0
BRDA:178,27,0,1
BRDA:178,27,1,0
BRDA:182,28,0,3
BRDA:182,28,1,0
BRDA:183,29,0,3
BRDA:183,29,1,0
BRDA:219,30,0,3
BRDA:219,30,1,0
BRDA:233,31,0,1
BRDA:233,31,1,0
BRDA:276,32,0,0
BRDA:276,32,1,0
BRDA:307,33,0,0
BRDA:307,33,1,1
BRDA:315,34,0,1
BRDA:315,34,1,0
BRDA:356,35,0,3
BRDA:356,35,1,0
BRDA:357,36,0,3
BRDA:357,36,1,0
BRDA:358,37,0,3
BRDA:358,37,1,0
BRF:76
BRH:48
end_of_record
TN:
SF:src\pages\Snapshots.jsx
FN:8,Snapshots
FN:17,(anonymous_1)
FN:34,(anonymous_2)
FN:42,(anonymous_3)
FN:47,(anonymous_4)
FNF:5
FNH:5
FNDA:17,Snapshots
FNDA:9,(anonymous_1)
FNDA:4,(anonymous_2)
FNDA:8,(anonymous_3)
FNDA:1,(anonymous_4)
DA:9,17
DA:11,17
DA:12,17
DA:13,17
DA:15,17
DA:17,17
DA:18,9
DA:19,9
DA:20,9
DA:22,9
DA:23,7
DA:25,2
DA:26,2
DA:27,2
DA:29,9
DA:34,17
DA:35,4
DA:36,4
DA:37,4
DA:38,4
DA:42,17
DA:43,8
DA:44,8
DA:47,17
DA:48,1
DA:49,1
DA:61,1
DA:62,1
DA:63,1
DA:65,0
DA:69,17
LF:31
LH:30
BRDA:23,0,0,7
BRDA:23,0,1,0
BRDA:25,1,0,2
BRDA:25,1,1,0
BRDA:43,2,0,0
BRDA:43,2,1,8
BRDA:65,3,0,0
BRDA:65,3,1,0
BRDA:81,4,0,12
BRDA:81,4,1,5
BRDA:89,5,0,1
BRDA:89,5,1,16
BRDA:97,6,0,3
BRDA:97,6,1,14
BRDA:97,7,0,17
BRDA:97,7,1,5
BRF:16
BRH:11
end_of_record
